2024-07-02T14:48:21.921Z 0: 

----------------------------------------------
2024-07-02T14:48:21.932Z 1: Discord starting: {"releaseChannel":"stable","version":"0.0.58"}, modulepath: /home/elpablo/.config/discord/0.0.58/modules
2024-07-02T14:48:21.934Z 2: ✅ webContents.created web1 ""
2024-07-02T14:48:21.936Z 3: ✅ window.created win1 "discord"
2024-07-02T14:48:22.087Z 4: ✅ webContents.did-finish-load web1
2024-07-02T14:48:29.923Z 5: ✅ webContents.created web2 ""
2024-07-02T14:48:29.929Z 6: ✅ window.created win2 "Discord"
2024-07-02T14:48:31.040Z 7: ✅ webContents.did-finish-load web2
2024-07-02T14:48:31.136Z 8: window.close win1
2024-07-02T14:48:31.160Z 9: webContents.destroyed web1
2024-07-02T14:48:31.162Z 10: window.closed win1
2024-07-02T15:01:37.988Z 11: before-quit
2024-07-02T15:01:37.997Z 12: window.close win2
2024-07-02T15:02:12.621Z 0: 

----------------------------------------------
2024-07-02T15:02:12.639Z 1: Discord starting: {"releaseChannel":"stable","version":"0.0.58"}, modulepath: /home/elpablo/.config/discord/0.0.58/modules
2024-07-02T15:02:12.655Z 2: ✅ webContents.created web1 ""
2024-07-02T15:02:12.661Z 3: ✅ window.created win1 "discord"
2024-07-02T15:02:13.047Z 4: ✅ webContents.did-finish-load web1
2024-07-02T15:02:13.378Z 5: ✅ webContents.created web2 ""
2024-07-02T15:02:13.387Z 6: ✅ window.created win2 "Discord"
2024-07-02T15:02:15.259Z 7: ✅ webContents.did-finish-load web2
2024-07-02T15:02:15.354Z 8: window.close win1
2024-07-02T15:02:15.377Z 9: webContents.destroyed web1
2024-07-02T15:02:15.379Z 10: window.closed win1
2024-07-02T15:11:21.419Z 11: window.close win2
2024-07-02T15:11:26.383Z 0: 

----------------------------------------------
2024-07-02T15:11:26.425Z 1: Discord starting: {"releaseChannel":"stable","version":"0.0.58"}, modulepath: /home/elpablo/.config/discord/0.0.58/modules
2024-07-02T15:52:17.800Z 12: window.close win2
2024-07-02T19:35:20.313Z 0: 

----------------------------------------------
2024-07-02T19:35:20.336Z 1: Discord starting: {"releaseChannel":"stable","version":"0.0.58"}, modulepath: /home/elpablo/.config/discord/0.0.58/modules
2024-07-02T19:35:20.351Z 2: ✅ webContents.created web1 ""
2024-07-02T19:35:20.355Z 3: ✅ window.created win1 "discord"
2024-07-02T19:35:20.558Z 4: ✅ webContents.did-finish-load web1
2024-07-02T19:35:21.016Z 5: ✅ webContents.created web2 ""
2024-07-02T19:35:21.024Z 6: ✅ window.created win2 "Discord"
2024-07-02T19:35:22.226Z 7: ✅ webContents.did-finish-load web2
2024-07-02T19:35:22.322Z 8: window.close win1
2024-07-02T19:35:22.342Z 9: webContents.destroyed web1
2024-07-02T19:35:22.345Z 10: window.closed win1
2024-07-02T19:46:17.735Z 11: before-quit
2024-07-02T19:47:46.119Z 0: 

----------------------------------------------
2024-07-02T19:47:46.131Z 1: Discord starting: {"releaseChannel":"stable","version":"0.0.58"}, modulepath: /home/elpablo/.config/discord/0.0.58/modules
2024-07-02T19:47:46.141Z 2: ✅ webContents.created web1 ""
2024-07-02T19:47:46.143Z 3: ✅ window.created win1 "discord"
2024-07-02T19:47:46.347Z 4: ✅ webContents.did-finish-load web1
2024-07-02T19:47:46.690Z 5: ✅ webContents.created web2 ""
2024-07-02T19:47:46.698Z 6: ✅ window.created win2 "Discord"
2024-07-02T19:47:47.813Z 7: ✅ webContents.did-finish-load web2
2024-07-02T19:47:47.909Z 8: window.close win1
2024-07-02T19:47:47.920Z 9: webContents.destroyed web1
2024-07-02T19:47:47.923Z 10: window.closed win1
2024-07-02T20:00:11.519Z 0: 

----------------------------------------------
2024-07-02T20:00:11.549Z 1: Discord starting: {"releaseChannel":"stable","version":"0.0.58"}, modulepath: /home/elpablo/.config/discord/0.0.58/modules
2024-07-02T20:00:11.565Z 2: ✅ webContents.created web1 ""
2024-07-02T20:00:11.567Z 3: ✅ window.created win1 "discord"
2024-07-02T20:00:11.785Z 4: ✅ webContents.did-finish-load web1
2024-07-02T20:00:12.435Z 5: ✅ webContents.created web2 ""
2024-07-02T20:00:12.450Z 6: ✅ window.created win2 "Discord"
2024-07-02T20:00:13.844Z 7: ✅ webContents.did-finish-load web2
2024-07-02T20:00:13.940Z 8: window.close win1
2024-07-02T20:00:13.957Z 9: webContents.destroyed web1
2024-07-02T20:00:13.960Z 10: window.closed win1
2024-07-02T20:23:06.175Z 0: 

----------------------------------------------
2024-07-02T20:23:06.201Z 1: Discord starting: {"releaseChannel":"stable","version":"0.0.58"}, modulepath: /home/elpablo/.config/discord/0.0.58/modules
2024-07-02T20:23:06.231Z 2: ✅ webContents.created web1 ""
2024-07-02T20:23:06.247Z 3: ✅ window.created win1 "discord"
2024-07-02T20:23:06.519Z 4: ✅ webContents.did-finish-load web1
2024-07-02T20:23:06.950Z 5: ✅ webContents.created web2 ""
2024-07-02T20:23:06.960Z 6: ✅ window.created win2 "Discord"
2024-07-02T20:23:08.433Z 7: ✅ webContents.did-finish-load web2
2024-07-02T20:23:08.529Z 8: window.close win1
2024-07-02T20:23:08.563Z 9: webContents.destroyed web1
2024-07-02T20:23:08.565Z 10: window.closed win1
2024-07-02T20:55:26.882Z 0: 

----------------------------------------------
2024-07-02T20:55:26.902Z 1: Discord starting: {"releaseChannel":"stable","version":"0.0.58"}, modulepath: /home/elpablo/.config/discord/0.0.58/modules
2024-07-02T20:55:26.915Z 2: ✅ webContents.created web1 ""
2024-07-02T20:55:26.918Z 3: ✅ window.created win1 "discord"
2024-07-02T20:55:27.176Z 4: ✅ webContents.did-finish-load web1
2024-07-02T20:55:27.521Z 5: ✅ webContents.created web2 ""
2024-07-02T20:55:27.530Z 6: ✅ window.created win2 "Discord"
2024-07-02T20:55:29.210Z 7: ✅ webContents.did-finish-load web2
2024-07-02T20:55:29.312Z 8: window.close win1
2024-07-02T20:55:29.359Z 9: webContents.destroyed web1
2024-07-02T20:55:29.362Z 10: window.closed win1
2024-07-02T21:23:40.178Z 11: window.close win2
2024-07-03T18:24:47.652Z 0: 

----------------------------------------------
2024-07-03T18:24:47.666Z 1: Discord starting: {"releaseChannel":"stable","version":"0.0.58"}, modulepath: /home/elpablo/.config/discord/0.0.58/modules
2024-07-03T18:24:47.679Z 2: ✅ webContents.created web1 ""
2024-07-03T18:24:47.682Z 3: ✅ window.created win1 "discord"
2024-07-03T18:24:47.887Z 4: ✅ webContents.did-finish-load web1
2024-07-03T18:24:48.381Z 5: ✅ webContents.created web2 ""
2024-07-03T18:24:48.388Z 6: ✅ window.created win2 "Discord"
2024-07-03T18:24:53.921Z 7: ✅ webContents.did-finish-load web2
2024-07-03T18:24:54.015Z 8: window.close win1
2024-07-03T18:24:54.036Z 9: webContents.destroyed web1
2024-07-03T18:24:54.037Z 10: window.closed win1
2024-07-03T20:02:45.620Z 11: before-quit
2024-07-03T20:02:45.641Z 12: window.close win2
